[INFO][task_over][2016-04-05 15:38:35,796]...............local variable 'expire' referenced before assignment
[INFO][deliverTask][2016-06-14 03:51:48,676]before loop
[INFO][deliverTask][2016-06-14 03:54:02,623]before loop
[INFO][deliverTask][2016-06-14 03:54:02,623]admin123
[INFO][deliverTask][2016-06-14 03:57:43,409]before loop
[INFO][deliverTask][2016-06-14 03:57:43,409]tzr4032369
[INFO][deliverTask][2016-06-14 03:57:43,758]saved!
[INFO][deliverTask][2016-06-14 03:57:43,759]pushed!
[INFO][task_over][2016-06-15 08:38:37,744]admin123
[INFO][task_over][2016-06-15 08:38:37,745]saved!
[INFO][task_over][2016-06-15 08:38:37,746]pushed!
[INFO][task_over][2016-06-15 09:27:53,284]tzr4032369
[INFO][task_over][2016-06-15 09:27:53,285]saved!
[INFO][task_over][2016-06-15 09:27:53,286]pushed!
[INFO][isRead][2016-06-15 09:30:31,448]True
[INFO][isRead][2016-06-15 09:30:31,449]True
[INFO][task_over][2016-06-16 03:41:01,249]shouma123
[INFO][task_over][2016-06-16 03:41:01,296]saved!
[INFO][task_over][2016-06-16 03:41:01,298]pushed!
[INFO][task_over][2016-06-16 04:18:16,561]tzr4032369
[INFO][task_over][2016-06-16 04:18:16,562]saved!
[INFO][task_over][2016-06-16 04:18:16,562]pushed!
[INFO][task_over][2016-06-16 04:19:44,554]shouma123
[INFO][task_over][2016-06-16 04:19:44,555]saved!
[INFO][task_over][2016-06-16 04:19:44,556]pushed!
[INFO][task_over][2016-06-16 08:40:49,715]shouma123
[INFO][task_over][2016-06-16 08:40:49,716]saved!
[INFO][task_over][2016-06-16 08:40:49,717]pushed!
[INFO][task_over][2016-06-17 08:02:34,467]tzr4032369
[INFO][task_over][2016-06-17 08:02:34,498]saved!
[INFO][task_over][2016-06-17 08:02:34,514]pushed!
[INFO][deliverTask][2016-06-30 11:30:41,383]before loop
[INFO][add][2016-10-08 03:31:38,402]add start!
[INFO][add][2016-10-08 03:32:08,470]add start!
[INFO][add][2016-10-08 03:32:38,527]add start!
[INFO][add][2016-10-08 03:33:08,589]add start!
[INFO][add][2016-10-08 09:20:28,469]add start!
[INFO][add][2016-10-08 09:20:58,525]add start!
[INFO][add][2016-10-08 09:21:28,594]add start!
[INFO][add][2016-10-08 09:21:58,654]add start!
[INFO][add][2016-10-08 09:22:27,718]add start!
[INFO][add][2016-10-08 09:22:57,785]add start!
[INFO][add][2016-10-08 09:23:27,852]add start!
[INFO][add][2016-10-08 09:23:57,921]add start!
[INFO][add][2016-10-08 09:24:27,988]add start!
[INFO][add][2016-10-08 09:24:58,054]add start!
[INFO][add][2016-10-08 09:25:28,115]add start!
[INFO][add][2016-10-08 09:25:58,181]add start!
[INFO][add][2016-10-08 09:26:28,244]add start!
[INFO][add][2016-10-08 09:26:58,306]add start!
[INFO][add][2016-10-08 09:27:28,363]add start!
[INFO][add][2016-10-08 09:27:58,420]add start!
[INFO][add][2016-10-08 09:28:28,478]add start!
[INFO][add][2016-10-08 09:28:58,538]add start!
[INFO][add][2016-10-08 09:29:28,596]add start!
[INFO][add][2016-10-08 09:29:58,650]add start!
[INFO][add][2016-10-08 09:30:28,707]add start!
[INFO][add][2016-10-08 09:30:58,772]add start!
[INFO][add][2016-10-08 09:31:28,826]add start!
[INFO][add][2016-10-08 09:31:58,887]add start!
[INFO][add][2016-10-08 09:32:28,949]add start!
[INFO][add][2016-10-08 09:32:59,008]add start!
[INFO][add][2016-10-08 09:33:29,065]add start!
[INFO][add][2016-10-08 09:33:59,135]add start!
[INFO][add][2016-10-08 09:34:28,192]add start!
[INFO][add][2016-10-08 09:34:58,251]add start!
[INFO][add][2016-10-08 09:35:28,315]add start!
[INFO][add][2016-10-08 09:35:58,375]add start!
[INFO][add][2016-10-08 09:36:28,433]add start!
[INFO][add][2016-10-08 09:36:58,501]add start!
[INFO][add][2016-10-08 09:37:28,567]add start!
[INFO][add][2016-10-08 09:37:58,625]add start!
[INFO][add][2016-10-08 09:38:28,686]add start!
[INFO][add][2016-10-08 09:38:58,749]add start!
[INFO][add][2016-10-08 09:39:28,812]add start!
[INFO][add][2016-10-08 09:39:58,874]add start!
[INFO][add][2016-10-08 09:40:28,934]add start!
[INFO][add][2016-10-08 09:40:58,995]add start!
[INFO][add][2016-10-08 09:41:29,053]add start!
[INFO][add][2016-10-08 09:41:59,115]add start!
[INFO][add][2016-10-08 09:42:29,177]add start!
[INFO][add][2016-10-08 09:42:59,241]add start!
[INFO][add][2016-10-08 09:43:29,314]add start!
[INFO][add][2016-10-08 09:43:59,379]add start!
[INFO][add][2016-10-08 09:44:29,447]add start!
[INFO][add][2016-10-08 09:44:59,509]add start!
[INFO][add][2016-10-08 09:45:29,570]add start!
[INFO][add][2016-10-08 09:45:59,624]add start!
[INFO][add][2016-10-08 09:46:28,680]add start!
[INFO][add][2016-10-08 09:46:58,742]add start!
[INFO][add][2016-10-08 09:47:28,795]add start!
[INFO][add][2016-10-08 09:47:58,854]add start!
[INFO][add][2016-10-08 09:48:28,908]add start!
[INFO][add][2016-10-08 09:48:58,968]add start!
[INFO][add][2016-10-08 09:49:29,029]add start!
[INFO][add][2016-10-08 09:49:59,085]add start!
[INFO][calTaskfRate][2016-10-08 09:50:29,240]0.0
[INFO][calTaskfRate][2016-10-08 09:50:59,280]0.0
[INFO][calTaskfRate][2016-10-08 09:51:29,341]0.0
[INFO][calTaskfRate][2016-10-08 09:51:59,407]0.0
[INFO][calTaskfRate][2016-10-08 09:52:29,459]0.0
[INFO][calTaskfRate][2016-10-08 09:52:59,522]0.0
[INFO][calTaskfRate][2016-10-08 09:53:29,583]0.0
[INFO][calTaskfRate][2016-10-08 09:53:59,642]0.0
[INFO][calTaskfRate][2016-10-08 09:54:29,699]0.0
[INFO][calTaskfRate][2016-10-08 09:54:59,762]0.0
[INFO][calTaskfRate][2016-10-08 09:55:29,830]0.0
[INFO][calTaskfRate][2016-10-08 09:55:59,891]0.0
[INFO][calTaskfRate][2016-10-08 09:56:29,949]0.0
[INFO][calTaskfRate][2016-10-08 09:57:00,015]0.0
[INFO][calTaskfRate][2016-10-08 09:57:30,081]0.0
[INFO][calTaskfRate][2016-10-08 09:57:59,145]0.0
[INFO][calTaskfRate][2016-10-08 09:58:29,208]0.0
[INFO][calTaskfRate][2016-10-08 09:58:59,266]0.0
[INFO][calTaskfRate][2016-10-08 09:59:29,329]0.0
[INFO][calTaskfRate][2016-10-08 09:59:59,389]0.0
[INFO][calTaskfRate][2016-10-08 10:00:29,450]0.0
[INFO][calTaskfRate][2016-10-08 10:00:59,515]0.0
[INFO][calTaskfRate][2016-10-08 10:01:29,585]0.0
[INFO][calTaskfRate][2016-10-08 10:01:59,646]0.0
[INFO][calTaskfRate][2016-10-08 10:02:29,705]0.0
[INFO][calTaskfRate][2016-10-08 10:02:59,758]0.0
[INFO][calTaskfRate][2016-10-08 10:03:29,815]0.0
[INFO][calTaskfRate][2016-10-08 10:03:59,876]0.0
[INFO][calTaskfRate][2016-10-08 10:04:29,935]0.0
[INFO][calTaskfRate][2016-10-08 10:05:00,007]0.0
[INFO][calTaskfRate][2016-10-08 10:05:30,069]0.0
[INFO][calTaskfRate][2016-10-08 10:06:00,133]0.0
[INFO][calTaskfRate][2016-10-08 10:06:30,191]0.0
[INFO][calTaskfRate][2016-10-08 10:07:00,259]0.0
[INFO][calTaskfRate][2016-10-08 10:07:30,324]0.0
[INFO][calTaskfRate][2016-10-08 10:08:00,383]0.0
[INFO][calTaskfRate][2016-10-08 10:08:30,444]0.0
[INFO][calTaskfRate][2016-10-08 10:09:00,503]0.0
[INFO][calTaskfRate][2016-10-08 10:09:30,565]0.0
[INFO][calTaskfRate][2016-10-08 10:09:59,618]0.0
[INFO][calTaskfRate][2016-10-08 10:10:29,674]0.0
[INFO][calTaskfRate][2016-10-08 10:10:59,737]0.0
[INFO][calTaskfRate][2016-10-08 10:11:29,798]0.0
[INFO][calTaskfRate][2016-10-08 10:11:59,856]0.0
[INFO][calTaskfRate][2016-10-08 10:12:29,913]0.0
[INFO][calTaskfRate][2016-10-08 10:12:59,972]0.0
[INFO][calTaskfRate][2016-10-08 10:13:30,031]0.0
[INFO][calTaskfRate][2016-10-08 10:14:00,091]0.0
[INFO][calTaskfRate][2016-10-08 10:14:30,152]0.0
[INFO][calTaskfRate][2016-10-08 10:15:00,217]0.0
[INFO][calTaskfRate][2016-10-08 10:15:30,283]0.0
[INFO][calTaskfRate][2016-10-08 10:16:00,344]0.0
[INFO][calTaskfRate][2016-10-08 10:16:30,404]0.0
[INFO][calTaskfRate][2016-10-08 10:17:00,467]0.0
[INFO][calTaskfRate][2016-10-08 10:17:30,530]0.0
[INFO][calTaskfRate][2016-10-08 10:18:00,588]0.0
[INFO][calTaskfRate][2016-10-08 10:18:30,644]0.0
[INFO][calTaskfRate][2016-10-08 10:19:00,706]0.0
[INFO][calTaskfRate][2016-10-08 10:19:30,769]0.0
[INFO][deliverTask][2016-10-08 10:19:44,720]before loop
[INFO][calTaskfRate][2016-10-08 10:20:00,831]0.0
[INFO][calTaskfRate][2016-10-08 10:20:30,894]0.0
[INFO][calTaskfRate][2016-10-08 10:21:00,952]0.0
[INFO][calTaskfRate][2016-10-08 10:21:31,009]0.0
[INFO][calTaskfRate][2016-10-08 10:22:00,065]0.0
[INFO][calTaskfRate][2016-10-08 10:22:30,131]0.0
[INFO][calTaskfRate][2016-10-08 10:23:00,188]0.0
[INFO][calTaskfRate][2016-10-08 10:23:30,244]0.0
[INFO][calTaskfRate][2016-10-08 10:24:00,309]0.0
[INFO][calTaskfRate][2016-10-08 10:24:30,370]0.0
[INFO][calTaskfRate][2016-10-08 10:25:00,429]0.0
[INFO][calTaskfRate][2016-10-08 10:25:30,494]0.0
[INFO][calTaskfRate][2016-10-08 10:26:00,553]0.0
[INFO][calTaskfRate][2016-10-08 10:26:30,611]0.0
[INFO][calTaskfRate][2016-10-08 10:27:00,667]0.0
[INFO][calTaskfRate][2016-10-08 10:27:30,725]0.0
[INFO][calTaskfRate][2016-10-09 06:11:05,589]0.0
[INFO][calTaskfRate][2016-10-09 06:11:35,660]0.0
[INFO][calTaskfRate][2016-10-09 06:12:05,724]0.0
[INFO][calTaskfRate][2016-10-09 06:12:35,781]0.0
[INFO][calTaskfRate][2016-10-09 06:13:05,840]0.0
[INFO][calTaskfRate][2016-10-09 06:13:35,893]0.0
[INFO][calTaskfRate][2016-10-09 06:14:05,951]0.0
[INFO][calTaskfRate][2016-10-09 06:14:36,006]0.0
[INFO][calTaskfRate][2016-10-09 06:15:06,063]0.0
[INFO][calTaskfRate][2016-10-09 06:15:36,116]0.0
[INFO][calTaskfRate][2016-10-09 06:16:06,175]0.0
[INFO][calTaskfRate][2016-10-09 06:16:36,241]0.0
[INFO][calTaskfRate][2016-10-09 06:17:06,305]0.0
[INFO][calTaskfRate][2016-10-09 06:17:36,372]0.0
[INFO][calTaskfRate][2016-10-09 06:18:06,432]0.0
[INFO][calTaskfRate][2016-10-09 06:18:36,496]0.0
[INFO][calTaskfRate][2016-10-09 06:29:36,963]0.0
[INFO][calTaskfRate][2016-10-09 06:30:07,016]0.0
[INFO][calTaskfRate][2016-10-09 06:30:36,075]0.0
[INFO][calTaskfRate][2016-10-09 06:31:06,946]0.0
[INFO][calTaskfRate][2016-10-09 06:31:36,999]0.0
[INFO][calTaskfRate][2016-10-09 06:32:07,054]0.0
[INFO][calTaskfRate][2016-10-09 06:32:37,114]0.0
[INFO][calTaskfRate][2016-10-09 06:33:06,164]0.0
[INFO][calTaskfRate][2016-10-09 06:33:36,226]0.0
[INFO][calTaskfRate][2016-10-09 06:34:06,283]0.0
[INFO][calTaskfRate][2016-10-09 06:34:36,339]0.0
[INFO][calTaskfRate][2016-10-09 06:35:06,393]0.0
[INFO][calTaskfRate][2016-10-09 06:35:36,449]0.0
[INFO][calTaskfRate][2016-10-09 06:36:06,504]0.0
[INFO][calTaskfRate][2016-10-09 06:36:36,562]0.0
[INFO][calTaskfRate][2016-10-09 06:37:06,621]0.08333333333333333
[INFO][calTaskfRate][2016-10-09 06:37:36,683]0.16666666666666666
[INFO][calTaskfRate][2016-10-09 06:38:06,743]0.16666666666666666
[INFO][calTaskfRate][2016-10-09 06:38:36,804]0.16666666666666666
[INFO][calTaskfRate][2016-10-09 06:39:06,860]0.16666666666666666
[INFO][calTaskfRate][2016-10-09 06:39:36,920]0.16666666666666666
[INFO][calTaskfRate][2016-10-09 06:40:06,975]0.16666666666666666
[INFO][calTaskfRate][2016-10-09 06:40:37,030]0.16666666666666666
[INFO][calTaskfRate][2016-10-09 08:50:03,960]0.16666666666666666
[INFO][calTaskfRate][2016-10-09 08:53:31,163]0.16666666666666666
[INFO][calTaskfRate][2016-10-09 08:54:01,227]0.16666666666666666
[INFO][calTaskfRate][2016-10-09 08:54:30,696]0.16666666666666666
[INFO][calTaskfRate][2016-10-09 08:55:00,765]0.16666666666666666
[INFO][calTaskfRate][2016-10-09 08:55:30,830]0.16666666666666666
[INFO][calTaskfRate][2016-10-09 08:56:00,885]0.16666666666666666
[INFO][calTaskfRate][2016-10-09 08:56:30,942]0.16666666666666666
[INFO][calTaskfRate][2016-10-09 08:57:00,998]0.16666666666666666
[INFO][calTaskfRate][2016-10-09 08:57:31,054]0.16666666666666666
[INFO][calTaskfRate][2016-10-09 08:58:01,109]0.16666666666666666
[INFO][calTaskfRate][2016-10-09 08:58:31,172]0.16666666666666666
[INFO][calTaskfRate][2016-10-09 08:59:13,561]0.16666666666666666
[INFO][calTaskfRate][2016-10-09 08:59:31,593]0.16666666666666666
[INFO][calTaskfRate][2016-10-09 09:00:01,467]0.16666666666666666
[INFO][calTaskfRate][2016-10-09 09:00:31,539]0.16666666666666666
[INFO][calTaskfRate][2016-10-09 09:01:01,537]0.16666666666666666
[INFO][calTaskfRate][2016-10-09 09:01:31,598]0.16666666666666666
[INFO][calTaskfRate][2016-10-09 09:02:01,505]0.16666666666666666
[INFO][calTaskfRate][2016-10-09 09:02:31,341]0.16666666666666666
[INFO][calTaskfRate][2016-10-09 09:03:01,397]0.16666666666666666
[INFO][calTaskfRate][2016-10-09 09:03:31,454]0.16666666666666666
[INFO][calTaskfRate][2016-10-09 09:04:01,510]0.16666666666666666
[INFO][calTaskfRate][2016-10-09 09:04:31,563]0.16666666666666666
[INFO][calTaskfRate][2016-10-09 09:05:01,733]0.16666666666666666
[INFO][calTaskfRate][2016-10-09 09:05:31,790]0.16666666666666666
[INFO][calTaskfRate][2016-10-09 09:06:01,844]0.16666666666666666
[INFO][calTaskfRate][2016-10-09 09:06:32,212]0.16666666666666666
[INFO][calTaskfRate][2016-10-09 09:07:01,270]0.16666666666666666
[INFO][calTaskfRate][2016-10-09 09:07:31,341]0.16666666666666666
[INFO][calTaskfRate][2016-10-09 09:08:01,391]0.16666666666666666
[INFO][calTaskfRate][2016-10-09 09:08:31,444]0.16666666666666666
[INFO][calTaskfRate][2016-10-09 09:09:01,505]0.16666666666666666
[INFO][calTaskfRate][2016-10-09 09:09:31,560]0.16666666666666666
[INFO][calTaskfRate][2016-10-09 09:10:01,618]0.16666666666666666
[INFO][calTaskfRate][2016-10-09 09:10:31,674]0.16666666666666666
[INFO][calTaskfRate][2016-10-09 09:11:01,731]0.16666666666666666
[INFO][calTaskfRate][2016-10-09 09:11:31,784]0.16666666666666666
[INFO][calTaskfRate][2016-10-09 09:12:01,836]0.16666666666666666
[INFO][calTaskfRate][2016-10-09 09:12:31,890]0.16666666666666666
[INFO][calTaskfRate][2016-10-09 09:13:01,948]0.16666666666666666
[INFO][calTaskfRate][2016-10-09 09:13:32,006]0.16666666666666666
[INFO][calTaskfRate][2016-10-09 09:14:02,063]0.16666666666666666
[INFO][calTaskfRate][2016-10-09 09:14:32,317]0.16666666666666666
[INFO][calTaskfRate][2016-10-09 09:15:02,369]0.16666666666666666
[INFO][calTaskfRate][2016-10-09 09:15:32,430]0.16666666666666666
[INFO][calTaskfRate][2016-10-09 09:16:02,490]0.16666666666666666
[INFO][calTaskfRate][2016-10-09 09:16:32,544]0.16666666666666666
[INFO][calTaskfRate][2016-10-09 09:17:02,597]0.16666666666666666
[INFO][calTaskfRate][2016-10-09 09:17:32,652]0.16666666666666666
[INFO][calTaskfRate][2016-10-09 09:18:02,707]0.16666666666666666
[INFO][calTaskfRate][2016-10-09 09:18:32,682]0.16666666666666666
[INFO][calTaskfRate][2016-10-09 09:19:03,040]0.16666666666666666
[INFO][calTaskfRate][2016-10-09 09:19:33,097]0.16666666666666666
[INFO][calTaskfRate][2016-10-09 09:20:03,151]0.16666666666666666
[INFO][calTaskfRate][2016-10-09 09:20:33,205]0.16666666666666666
[INFO][calTaskfRate][2016-10-09 09:21:03,263]0.16666666666666666
[INFO][calTaskfRate][2016-10-09 09:21:33,315]0.16666666666666666
[INFO][calTaskfRate][2016-10-09 09:22:03,368]0.16666666666666666
[INFO][calTaskfRate][2016-10-09 09:22:32,423]0.16666666666666666
[INFO][calTaskfRate][2016-10-09 09:23:02,480]0.16666666666666666
[INFO][calTaskfRate][2016-10-09 09:23:32,536]0.16666666666666666
[INFO][calTaskfRate][2016-10-09 09:24:02,592]0.16666666666666666
[INFO][calTaskfRate][2016-10-09 09:24:32,647]0.16666666666666666
[INFO][calTaskfRate][2016-10-09 09:25:02,703]0.16666666666666666
[INFO][calTaskfRate][2016-10-09 09:25:32,758]0.16666666666666666
[INFO][calTaskfRate][2016-10-09 09:26:02,818]0.16666666666666666
[INFO][calTaskfRate][2016-10-09 09:26:32,870]0.16666666666666666
[INFO][calTaskfRate][2016-10-09 09:27:02,924]0.16666666666666666
[INFO][calTaskfRate][2016-10-09 09:27:32,978]0.16666666666666666
[INFO][calTaskfRate][2016-10-09 09:28:03,033]0.16666666666666666
[INFO][calTaskfRate][2016-10-09 09:28:33,087]0.16666666666666666
[INFO][calTaskfRate][2016-10-09 09:29:03,148]0.16666666666666666
[INFO][calTaskfRate][2016-10-09 09:29:33,201]0.16666666666666666
[INFO][calTaskfRate][2016-10-09 09:30:03,261]0.16666666666666666
[INFO][calTaskfRate][2016-10-09 09:30:33,327]0.16666666666666666
[INFO][calTaskfRate][2016-10-09 09:31:03,391]0.16666666666666666
[INFO][calTaskfRate][2016-10-09 09:31:33,449]0.16666666666666666
[INFO][calTaskfRate][2016-10-09 09:32:03,515]0.16666666666666666
[INFO][calTaskfRate][2016-10-09 09:32:33,571]0.16666666666666666
[INFO][calTaskfRate][2016-10-09 09:33:03,628]0.16666666666666666
[INFO][calTaskfRate][2016-10-09 09:33:33,691]0.16666666666666666
[INFO][calTaskfRate][2016-10-09 09:34:03,751]0.16666666666666666
[INFO][calTaskfRate][2016-10-09 09:34:33,805]0.16666666666666666
[INFO][calTaskfRate][2016-10-09 09:35:03,861]0.16666666666666666
[INFO][calTaskfRate][2016-10-09 09:35:33,916]0.16666666666666666
[INFO][calTaskfRate][2016-10-09 09:36:03,970]0.16666666666666666
[INFO][calTaskfRate][2016-10-09 09:36:34,028]0.16666666666666666
[INFO][calTaskfRate][2016-10-09 09:37:04,089]0.16666666666666666
[INFO][calTaskfRate][2016-10-09 09:37:34,148]0.16666666666666666
[INFO][calTaskfRate][2016-10-09 09:38:04,203]0.16666666666666666
[INFO][calTaskfRate][2016-10-09 09:38:34,257]0.16666666666666666
[INFO][calTaskfRate][2016-10-09 09:39:03,309]0.16666666666666666
[INFO][calTaskfRate][2016-10-09 09:39:33,361]0.16666666666666666
[INFO][calTaskfRate][2016-10-09 09:40:03,423]0.16666666666666666
[INFO][calTaskfRate][2016-10-09 09:40:33,482]0.16666666666666666
[INFO][calTaskfRate][2016-10-09 09:41:03,538]0.16666666666666666
[INFO][calTaskfRate][2016-10-09 09:41:33,594]0.16666666666666666
[INFO][calTaskfRate][2016-10-09 09:42:03,648]0.16666666666666666
[INFO][calTaskfRate][2016-10-09 09:42:33,707]0.16666666666666666
[INFO][calTaskfRate][2016-10-09 09:43:03,765]0.16666666666666666
[INFO][calTaskfRate][2016-10-09 09:43:33,647]0.16666666666666666
[INFO][calTaskfRate][2016-10-09 09:44:03,744]0.16666666666666666
[INFO][calTaskfRate][2016-10-09 09:44:33,800]0.16666666666666666
[INFO][calTaskfRate][2016-10-09 09:45:03,854]0.16666666666666666
[INFO][calTaskfRate][2016-10-09 09:45:33,905]0.16666666666666666
[INFO][calTaskfRate][2016-10-09 09:46:03,956]0.16666666666666666
[INFO][calTaskfRate][2016-10-09 09:46:34,012]0.16666666666666666
[INFO][calTaskfRate][2016-10-09 09:47:04,074]0.16666666666666666
[INFO][calTaskfRate][2016-10-09 09:47:34,128]0.16666666666666666
[INFO][calTaskfRate][2016-10-09 09:48:04,184]0.16666666666666666
[INFO][calTaskfRate][2016-10-09 09:48:34,241]0.16666666666666666
[INFO][calTaskfRate][2016-10-09 09:49:04,298]0.16666666666666666
[INFO][calTaskfRate][2016-10-09 09:49:34,352]0.16666666666666666
[INFO][calTaskfRate][2016-10-09 09:50:03,845]0.16666666666666666
[INFO][calTaskfRate][2016-10-09 09:50:33,901]0.16666666666666666
[INFO][calTaskfRate][2016-10-09 09:51:03,954]0.16666666666666666
[INFO][calTaskfRate][2016-10-09 09:51:34,014]0.16666666666666666
[INFO][calTaskfRate][2016-10-09 09:52:04,068]0.16666666666666666
[INFO][calTaskfRate][2016-10-09 09:52:34,132]0.16666666666666666
[INFO][calTaskfRate][2016-10-09 09:53:04,190]0.16666666666666666
[INFO][calTaskfRate][2016-10-09 09:53:34,247]0.16666666666666666
[INFO][calTaskfRate][2016-10-09 09:54:04,306]0.16666666666666666
[INFO][calTaskfRate][2016-10-09 09:54:36,455]0.16666666666666666
[INFO][calTaskfRate][2016-10-09 09:55:06,512]0.16666666666666666
[INFO][calTaskfRate][2016-10-09 09:55:36,571]0.16666666666666666
[INFO][calTaskfRate][2016-10-09 09:56:06,623]0.16666666666666666
[INFO][calTaskfRate][2016-10-09 09:56:36,675]0.16666666666666666
[INFO][calTaskfRate][2016-10-09 09:57:06,731]0.16666666666666666
[INFO][calTaskfRate][2016-10-09 09:57:36,785]0.16666666666666666
[INFO][calTaskfRate][2016-10-09 09:58:06,840]0.16666666666666666
[INFO][calTaskfRate][2016-10-09 09:58:36,897]0.16666666666666666
[INFO][calTaskfRate][2016-10-09 09:59:06,952]0.16666666666666666
[INFO][calTaskfRate][2016-10-09 09:59:37,007]0.16666666666666666
[INFO][calTaskfRate][2016-10-09 10:00:07,066]0.16666666666666666
[INFO][calTaskfRate][2016-10-09 10:00:37,126]0.16666666666666666
[INFO][calTaskfRate][2016-10-09 10:01:07,182]0.16666666666666666
[INFO][calTaskfRate][2016-10-09 10:01:37,239]0.16666666666666666
[INFO][calTaskfRate][2016-10-09 10:02:07,297]0.16666666666666666
[INFO][calTaskfRate][2016-10-09 10:02:37,352]0.16666666666666666
[INFO][calTaskfRate][2016-10-09 10:03:07,408]0.16666666666666666
[INFO][calTaskfRate][2016-10-09 10:03:37,464]0.16666666666666666
[INFO][calTaskfRate][2016-10-09 10:04:07,524]0.16666666666666666
[INFO][calTaskfRate][2016-10-09 10:04:37,577]0.16666666666666666
[INFO][calTaskfRate][2016-10-09 10:05:07,631]0.16666666666666666
[INFO][calTaskfRate][2016-10-09 10:05:37,684]0.16666666666666666
[INFO][calTaskfRate][2016-10-09 10:06:07,741]0.16666666666666666
[INFO][calTaskfRate][2016-10-09 10:06:37,795]0.16666666666666666
[INFO][calTaskfRate][2016-10-09 10:07:07,848]0.16666666666666666
[INFO][calTaskfRate][2016-10-09 10:07:37,903]0.16666666666666666
[INFO][calTaskfRate][2016-10-09 10:08:06,960]0.16666666666666666
[INFO][calTaskfRate][2016-10-09 10:08:37,016]0.16666666666666666
[INFO][calTaskfRate][2016-10-09 10:09:07,071]0.16666666666666666
[INFO][calTaskfRate][2016-10-09 10:09:37,124]0.16666666666666666
[INFO][calTaskfRate][2016-10-09 10:10:07,180]0.16666666666666666
[INFO][calTaskfRate][2016-10-09 10:10:37,235]0.16666666666666666
[INFO][calTaskfRate][2016-10-09 10:11:08,107]0.16666666666666666
[INFO][calTaskfRate][2016-10-09 10:11:38,163]0.16666666666666666
[INFO][calTaskfRate][2016-10-09 10:12:08,218]0.16666666666666666
[INFO][calTaskfRate][2016-10-09 10:12:38,277]0.16666666666666666
[INFO][calTaskfRate][2016-10-09 10:13:08,330]0.16666666666666666
[INFO][calTaskfRate][2016-10-09 10:13:38,386]0.16666666666666666
[INFO][calTaskfRate][2016-10-09 10:14:08,441]0.16666666666666666
[INFO][calTaskfRate][2016-10-09 10:14:38,497]0.16666666666666666
[INFO][calTaskfRate][2016-10-09 10:15:08,553]0.16666666666666666
[INFO][calTaskfRate][2016-10-09 10:15:38,609]0.16666666666666666
[INFO][calTaskfRate][2016-10-09 10:16:08,668]0.16666666666666666
[INFO][calTaskfRate][2016-10-09 10:16:38,728]0.16666666666666666
[INFO][calTaskfRate][2016-10-09 10:17:08,790]0.16666666666666666
[INFO][calTaskfRate][2016-10-09 10:17:38,859]0.16666666666666666
[INFO][calTaskfRate][2016-10-09 10:18:08,912]0.16666666666666666
[INFO][calTaskfRate][2016-10-09 10:18:38,967]0.16666666666666666
[INFO][calTaskfRate][2016-10-09 10:19:09,025]0.16666666666666666
[INFO][calTaskfRate][2016-10-10 02:21:50,211]0.16666666666666666
[INFO][calTaskfRate][2016-10-10 02:22:20,278]0.16666666666666666
[INFO][calTaskfRate][2016-10-10 02:22:50,352]0.16666666666666666
[INFO][calTaskfRate][2016-10-10 02:23:19,928]0.16666666666666666
[INFO][calTaskfRate][2016-10-10 02:23:49,992]0.16666666666666666
[INFO][calTaskfRate][2016-10-10 02:24:20,051]0.16666666666666666
[INFO][calTaskfRate][2016-10-10 02:24:50,114]0.16666666666666666
[INFO][calTaskfRate][2016-10-10 02:25:20,179]0.16666666666666666
[INFO][calTaskfRate][2016-10-10 02:25:50,256]0.16666666666666666
[INFO][calTaskfRate][2016-10-10 02:26:20,328]0.16666666666666666
[INFO][calTaskfRate][2016-10-10 02:26:50,399]0.16666666666666666
[INFO][calTaskfRate][2016-10-10 02:27:20,478]0.16666666666666666
[INFO][calTaskfRate][2016-10-10 02:27:50,546]0.16666666666666666
[INFO][calTaskfRate][2016-10-10 02:28:20,608]0.16666666666666666
[INFO][calTaskfRate][2016-10-10 02:28:50,674]0.16666666666666666
[INFO][calTaskfRate][2016-10-10 02:29:20,740]0.16666666666666666
[INFO][calTaskfRate][2016-10-10 02:29:49,808]0.16666666666666666
[INFO][calTaskfRate][2016-10-10 02:30:19,870]0.16666666666666666
[INFO][calTaskfRate][2016-10-10 02:30:49,936]0.16666666666666666
[INFO][calTaskfRate][2016-10-10 02:31:20,004]0.16666666666666666
[INFO][calTaskfRate][2016-10-10 02:31:50,071]0.16666666666666666
[INFO][calTaskfRate][2016-10-10 02:32:20,132]0.16666666666666666
[INFO][calTaskfRate][2016-10-10 02:32:50,195]0.16666666666666666
[INFO][calTaskfRate][2016-10-10 02:33:20,261]0.16666666666666666
[INFO][calTaskfRate][2016-10-10 02:33:50,327]0.16666666666666666
[INFO][calTaskfRate][2016-10-10 02:34:20,392]0.16666666666666666
[INFO][calTaskfRate][2016-10-10 02:34:50,453]0.16666666666666666
[INFO][calTaskfRate][2016-10-10 02:35:20,512]0.16666666666666666
[INFO][calTaskfRate][2016-10-10 02:35:50,575]0.16666666666666666
[INFO][calTaskfRate][2016-10-10 02:36:20,633]0.16666666666666666
[INFO][calTaskfRate][2016-10-10 02:36:50,689]0.16666666666666666
[INFO][calTaskfRate][2016-10-10 02:37:20,753]0.16666666666666666
[INFO][calTaskfRate][2016-10-10 02:37:50,818]0.16666666666666666
[INFO][calTaskfRate][2016-10-10 02:38:20,879]0.16666666666666666
[INFO][calTaskfRate][2016-10-10 02:38:50,938]0.16666666666666666
[INFO][calTaskfRate][2016-10-10 02:39:20,999]0.16666666666666666
[INFO][calTaskfRate][2016-10-10 02:39:51,068]0.16666666666666666
[INFO][calTaskfRate][2016-10-10 02:40:21,130]0.16666666666666666
[INFO][calTaskfRate][2016-10-10 02:40:51,186]0.16666666666666666
[INFO][calTaskfRate][2016-10-10 02:41:21,246]0.16666666666666666
[INFO][calTaskfRate][2016-10-10 02:41:50,309]0.16666666666666666
[INFO][calTaskfRate][2016-10-10 02:42:20,372]0.16666666666666666
[INFO][calTaskfRate][2016-10-10 02:42:50,431]0.16666666666666666
[INFO][calTaskfRate][2016-10-10 02:43:20,492]0.16666666666666666
[INFO][calTaskfRate][2016-10-10 02:43:50,552]0.16666666666666666
[INFO][calTaskfRate][2016-10-10 02:44:20,616]0.16666666666666666
[INFO][calTaskfRate][2016-10-10 02:44:50,686]0.16666666666666666
[INFO][calTaskfRate][2016-10-10 02:45:20,751]0.16666666666666666
[INFO][calTaskfRate][2016-10-10 02:45:50,823]0.16666666666666666
[INFO][calTaskfRate][2016-10-10 02:46:20,889]0.16666666666666666
[INFO][calTaskfRate][2016-10-10 02:46:50,948]0.16666666666666666
[INFO][calTaskfRate][2016-10-10 02:47:21,019]0.16666666666666666
[INFO][calTaskfRate][2016-10-10 02:47:51,078]0.16666666666666666
[INFO][calTaskfRate][2016-10-10 02:48:21,133]0.16666666666666666
[INFO][calTaskfRate][2016-10-10 02:48:51,189]0.16666666666666666
[INFO][calTaskfRate][2016-10-10 02:49:21,252]0.16666666666666666
[INFO][calTaskfRate][2016-10-10 02:49:51,315]0.16666666666666666
[INFO][calTaskfRate][2016-10-10 02:50:21,379]0.16666666666666666
[INFO][calTaskfRate][2016-10-10 02:50:51,449]0.16666666666666666
[INFO][calTaskfRate][2016-10-10 02:51:21,519]0.16666666666666666
[INFO][calTaskfRate][2016-10-10 02:51:51,580]0.16666666666666666
[INFO][calTaskfRate][2016-10-10 02:52:21,635]0.16666666666666666
[INFO][calTaskfRate][2016-10-10 02:52:50,687]0.16666666666666666
[INFO][calTaskfRate][2016-10-10 02:53:20,748]0.16666666666666666
[INFO][calTaskfRate][2016-10-10 02:53:50,821]0.16666666666666666
[INFO][calTaskfRate][2016-10-10 02:54:20,894]0.16666666666666666
[INFO][calTaskfRate][2016-10-10 02:54:50,959]0.16666666666666666
[INFO][calTaskfRate][2016-10-10 02:55:21,025]0.16666666666666666
[INFO][calTaskfRate][2016-10-10 02:55:51,083]0.16666666666666666
[INFO][calTaskfRate][2016-10-10 02:56:21,143]0.16666666666666666
[INFO][calTaskfRate][2016-10-10 02:56:51,208]0.16666666666666666
[INFO][calTaskfRate][2016-10-10 02:57:21,273]0.16666666666666666
[INFO][calTaskfRate][2016-10-10 02:57:51,339]0.16666666666666666
[INFO][calTaskfRate][2016-10-10 02:58:21,404]0.16666666666666666
[INFO][calTaskfRate][2016-10-10 02:58:51,471]0.16666666666666666
[INFO][calTaskfRate][2016-10-10 02:59:21,528]0.16666666666666666
[INFO][calTaskfRate][2016-10-10 02:59:51,587]0.16666666666666666
[INFO][calTaskfRate][2016-10-10 03:00:21,644]0.16666666666666666
[INFO][calTaskfRate][2016-10-10 03:00:51,705]0.16666666666666666
[INFO][calTaskfRate][2016-10-10 03:01:21,774]0.16666666666666666
[INFO][calTaskfRate][2016-10-10 03:01:51,843]0.16666666666666666
[INFO][calTaskfRate][2016-10-10 03:02:21,910]0.16666666666666666
[INFO][calTaskfRate][2016-10-10 03:02:51,983]0.16666666666666666
[INFO][calTaskfRate][2016-10-10 03:03:22,048]0.16666666666666666
[INFO][calTaskfRate][2016-10-10 03:03:52,113]0.16666666666666666
[INFO][calTaskfRate][2016-10-10 03:04:22,186]0.16666666666666666
[INFO][calTaskfRate][2016-10-10 03:04:52,248]0.16666666666666666
[INFO][calTaskfRate][2016-10-10 03:05:21,307]0.16666666666666666
[INFO][calTaskfRate][2016-10-10 03:05:51,379]0.16666666666666666
[INFO][calTaskfRate][2016-10-10 03:06:21,447]0.16666666666666666
[INFO][calTaskfRate][2016-10-10 03:06:51,513]0.16666666666666666
[INFO][calTaskfRate][2016-10-10 03:07:21,577]0.16666666666666666
[INFO][calTaskfRate][2016-10-10 03:07:51,636]0.16666666666666666
[INFO][calTaskfRate][2016-10-10 03:45:02,313]0.16666666666666666
[INFO][calTaskfRate][2016-10-10 03:45:08,323]0.16666666666666666
[INFO][calTaskfRate][2016-10-10 03:45:38,404]0.16666666666666666
[INFO][calTaskfRate][2016-10-10 03:46:08,476]0.16666666666666666
[INFO][calTaskfRate][2016-10-10 03:46:38,534]0.16666666666666666
[INFO][calTaskfRate][2016-10-10 03:47:08,593]0.16666666666666666
[INFO][calTaskfRate][2016-10-10 03:47:38,655]0.16666666666666666
[INFO][calTaskfRate][2016-10-10 03:48:08,721]0.16666666666666666
[INFO][calTaskfRate][2016-10-10 03:48:38,793]0.16666666666666666
[INFO][calTaskfRate][2016-10-10 03:49:07,863]0.16666666666666666
[INFO][calTaskfRate][2016-10-10 03:49:37,942]0.16666666666666666
[INFO][calTaskfRate][2016-10-10 03:50:08,019]0.16666666666666666
[INFO][calTaskfRate][2016-10-10 03:50:38,083]0.16666666666666666
[INFO][calTaskfRate][2016-10-10 03:51:08,158]0.16666666666666666
[INFO][calTaskfRate][2016-10-10 03:51:38,225]0.16666666666666666
[INFO][calTaskfRate][2016-10-10 03:52:08,289]0.16666666666666666
[INFO][calTaskfRate][2016-10-10 03:52:38,360]0.16666666666666666
[INFO][calTaskfRate][2016-10-10 03:53:08,419]0.16666666666666666
[INFO][calTaskfRate][2016-10-10 03:53:38,476]0.16666666666666666
[INFO][calTaskfRate][2016-10-10 03:54:08,531]0.16666666666666666
[INFO][calTaskfRate][2016-10-10 03:54:38,588]0.16666666666666666
[INFO][calTaskfRate][2016-10-10 03:55:08,645]0.16666666666666666
[INFO][calTaskfRate][2016-10-10 03:55:38,703]0.16666666666666666
[INFO][calTaskfRate][2016-10-10 03:56:08,766]0.16666666666666666
[INFO][calTaskfRate][2016-10-10 03:56:38,824]0.16666666666666666
[INFO][calTaskfRate][2016-10-10 03:57:08,881]0.16666666666666666
[INFO][calTaskfRate][2016-10-10 03:57:38,949]0.16666666666666666
[INFO][calTaskfRate][2016-10-10 03:58:09,019]0.16666666666666666
[INFO][calTaskfRate][2016-10-10 03:58:39,089]0.16666666666666666
[INFO][calTaskfRate][2016-10-10 03:59:09,169]0.16666666666666666
[INFO][calTaskfRate][2016-10-10 03:59:39,224]0.16666666666666666
[INFO][calTaskfRate][2016-10-10 04:00:09,286]0.16666666666666666
[INFO][calTaskfRate][2016-10-10 04:00:39,341]0.16666666666666666
[INFO][calTaskfRate][2016-10-10 04:01:09,411]0.16666666666666666
[INFO][calTaskfRate][2016-10-10 04:01:38,478]0.16666666666666666
[INFO][calTaskfRate][2016-10-10 04:02:08,544]0.16666666666666666
[INFO][calTaskfRate][2016-10-10 04:02:38,626]0.16666666666666666
[INFO][calTaskfRate][2016-10-10 04:03:08,694]0.16666666666666666
[INFO][calTaskfRate][2016-10-10 04:03:38,751]0.16666666666666666
[INFO][calTaskfRate][2016-10-10 04:04:08,808]0.16666666666666666
[INFO][calTaskfRate][2016-10-10 04:04:38,872]0.16666666666666666
[INFO][calTaskfRate][2016-10-10 04:05:08,929]0.16666666666666666
[INFO][calTaskfRate][2016-10-10 04:05:38,989]0.16666666666666666
[INFO][calTaskfRate][2016-10-10 04:06:09,045]0.16666666666666666
[INFO][calTaskfRate][2016-10-10 04:06:39,101]0.16666666666666666
[INFO][calTaskfRate][2016-10-10 04:07:09,163]0.16666666666666666
[INFO][calTaskfRate][2016-10-10 04:07:39,227]0.16666666666666666
[INFO][calTaskfRate][2016-10-10 04:08:09,289]0.16666666666666666
[INFO][calTaskfRate][2016-10-10 04:08:39,351]0.16666666666666666
[INFO][calTaskfRate][2016-10-10 04:09:09,414]0.16666666666666666
[INFO][calTaskfRate][2016-10-10 04:09:39,471]0.16666666666666666
[INFO][calTaskfRate][2016-10-10 04:10:09,529]0.16666666666666666
[INFO][calTaskfRate][2016-10-10 04:20:29,386]0.16666666666666666
[INFO][calTaskfRate][2016-10-10 04:20:59,444]0.16666666666666666
[INFO][calTaskfRate][2016-10-10 04:21:29,499]0.16666666666666666
[INFO][calTaskfRate][2016-10-10 04:21:59,557]0.16666666666666666
[INFO][calTaskfRate][2016-10-10 04:22:29,614]0.16666666666666666
[INFO][calTaskfRate][2016-10-10 07:58:08,039]0.25
[INFO][calTaskfRate][2016-10-10 07:58:38,099]0.25
[INFO][calTaskfRate][2016-10-10 07:59:08,158]0.25
[INFO][calTaskfRate][2016-10-10 07:59:38,229]0.25
[INFO][calTaskfRate][2016-10-10 08:00:07,296]0.25
[INFO][calTaskfRate][2016-10-10 08:00:37,364]0.25
[INFO][calTaskfRate][2016-10-10 08:01:07,423]0.25
[INFO][calTaskfRate][2016-10-10 08:01:37,489]0.3333333333333333
[INFO][calTaskfRate][2016-10-10 08:02:07,544]0.3333333333333333
[INFO][calTaskfRate][2016-10-10 08:02:37,608]0.3333333333333333
[INFO][calTaskfRate][2016-10-10 08:03:07,668]0.3333333333333333
[INFO][calTaskfRate][2016-10-10 08:03:37,734]0.3333333333333333
[INFO][calTaskfRate][2016-10-10 08:04:07,801]0.3333333333333333
[INFO][calTaskfRate][2016-10-10 08:04:37,862]0.3333333333333333
[INFO][calTaskfRate][2016-10-10 08:05:07,931]0.3333333333333333
[INFO][calTaskfRate][2016-10-10 08:05:37,992]0.3333333333333333
[INFO][calTaskfRate][2016-10-10 08:06:08,060]0.3333333333333333
[INFO][calTaskfRate][2016-10-10 08:06:38,138]0.3333333333333333
[INFO][calTaskfRate][2016-10-10 08:07:08,197]0.3333333333333333
[INFO][calTaskfRate][2016-10-10 08:07:38,255]0.3333333333333333
[INFO][calTaskfRate][2016-10-10 08:08:08,318]0.3333333333333333
[INFO][calTaskfRate][2016-10-10 08:08:38,381]0.3333333333333333
[INFO][calTaskfRate][2016-10-10 08:09:08,453]0.3333333333333333
[INFO][calTaskfRate][2016-10-10 08:09:38,528]0.3333333333333333
[INFO][calTaskfRate][2016-10-10 08:10:08,600]0.3333333333333333
[INFO][calTaskfRate][2016-10-10 08:10:38,671]0.3333333333333333
[INFO][calTaskfRate][2016-10-10 08:11:08,734]0.3333333333333333
[INFO][calTaskfRate][2016-10-10 08:11:37,802]0.3333333333333333
[INFO][calTaskfRate][2016-10-10 08:12:07,872]0.3333333333333333
[INFO][calTaskfRate][2016-10-10 08:12:37,938]0.3333333333333333
[INFO][calTaskfRate][2016-10-10 08:13:08,004]0.3333333333333333
[INFO][calTaskfRate][2016-10-10 08:13:38,061]0.3333333333333333
[INFO][calTaskfRate][2016-10-10 08:14:08,119]0.3333333333333333
[INFO][calTaskfRate][2016-10-10 08:14:38,186]0.3333333333333333
[INFO][calTaskfRate][2016-10-10 08:16:03,829]0.3333333333333333
[INFO][calTaskfRate][2016-10-10 08:16:33,880]0.3333333333333333
[INFO][calTaskfRate][2016-10-10 08:17:03,945]0.3333333333333333
[INFO][calTaskfRate][2016-10-10 08:17:34,002]0.3333333333333333
[INFO][calTaskfRate][2016-10-10 08:18:04,058]0.4166666666666667
[INFO][calTaskfRate][2016-10-10 08:18:34,121]0.4166666666666667
[INFO][calTaskfRate][2016-10-10 08:19:04,180]0.4166666666666667
[INFO][calTaskfRate][2016-10-10 08:19:34,249]0.4166666666666667
[INFO][calTaskfRate][2016-10-10 08:20:04,312]0.4166666666666667
[INFO][calTaskfRate][2016-10-10 08:20:34,374]0.4166666666666667
[INFO][calTaskfRate][2016-10-10 08:21:04,440]0.4166666666666667
[INFO][calTaskfRate][2016-10-10 08:21:34,503]0.4166666666666667
[INFO][calTaskfRate][2016-10-10 08:22:04,568]0.4166666666666667
[INFO][calTaskfRate][2016-10-10 08:22:34,635]0.4166666666666667
[INFO][calTaskfRate][2016-10-10 08:23:03,700]0.4166666666666667
[INFO][calTaskfRate][2016-10-10 08:23:33,761]0.4166666666666667
[INFO][calTaskfRate][2016-10-10 08:24:03,826]0.4166666666666667
[INFO][calTaskfRate][2016-10-10 08:24:33,888]0.4166666666666667
[INFO][calTaskfRate][2016-10-10 08:25:03,950]0.4166666666666667
[INFO][calTaskfRate][2016-10-10 08:25:34,005]0.4166666666666667
[INFO][calTaskfRate][2016-10-10 08:26:04,060]0.4166666666666667
[INFO][calTaskfRate][2016-10-10 08:26:34,122]0.4166666666666667
[INFO][calTaskfRate][2016-10-10 08:27:04,181]0.4166666666666667
[INFO][calTaskfRate][2016-10-10 08:27:34,253]0.4166666666666667
[INFO][calTaskfRate][2016-10-10 08:28:04,323]0.4166666666666667
[INFO][calTaskfRate][2016-10-10 08:28:34,393]0.4166666666666667
[INFO][calTaskfRate][2016-10-10 08:29:04,452]0.4166666666666667
[INFO][calTaskfRate][2016-10-10 08:29:34,510]0.4166666666666667
[INFO][calTaskfRate][2016-10-10 08:30:04,570]0.4166666666666667
[INFO][calTaskfRate][2016-10-10 08:30:34,627]0.4166666666666667
[INFO][calTaskfRate][2016-10-10 08:31:04,686]0.4166666666666667
[INFO][calTaskfRate][2016-10-10 08:31:34,746]0.4166666666666667
[INFO][calTaskfRate][2016-10-10 08:32:04,807]0.4166666666666667
[INFO][calTaskfRate][2016-10-10 08:32:34,872]0.4166666666666667
[INFO][calTaskfRate][2016-10-10 08:33:04,934]0.4166666666666667
[INFO][calTaskfRate][2016-10-10 08:33:34,994]0.4166666666666667
[INFO][calTaskfRate][2016-10-10 08:34:05,060]0.4166666666666667
[INFO][calTaskfRate][2016-10-10 08:34:35,129]0.4166666666666667
[INFO][calTaskfRate][2016-10-10 08:35:05,201]0.4166666666666667
[INFO][calTaskfRate][2016-10-10 08:35:34,260]0.4166666666666667
[INFO][calTaskfRate][2016-10-10 08:36:04,323]0.4166666666666667
[INFO][calTaskfRate][2016-10-10 08:36:34,389]0.4166666666666667
[INFO][calTaskfRate][2016-10-10 08:37:04,448]0.4166666666666667
[INFO][calTaskfRate][2016-10-10 08:37:34,505]0.4166666666666667
[INFO][calTaskfRate][2016-10-10 08:38:04,568]0.4166666666666667
[INFO][calTaskfRate][2016-10-10 08:38:34,624]0.4166666666666667
[INFO][calTaskfRate][2016-10-10 08:39:04,680]0.4166666666666667
[INFO][calTaskfRate][2016-10-10 08:39:34,740]0.4166666666666667
[INFO][calTaskfRate][2016-10-10 08:40:04,798]0.4166666666666667
[INFO][calTaskfRate][2016-10-10 08:40:34,860]0.4166666666666667
[INFO][calTaskfRate][2016-10-10 08:41:04,921]0.4166666666666667
[INFO][calTaskfRate][2016-10-10 08:41:34,981]0.4166666666666667
[INFO][calTaskfRate][2016-10-10 08:42:05,040]0.4166666666666667
[INFO][calTaskfRate][2016-10-10 08:42:35,099]0.4166666666666667
[INFO][calTaskfRate][2016-10-10 08:43:05,161]0.4166666666666667
[INFO][calTaskfRate][2016-10-10 08:43:35,224]0.4166666666666667
[INFO][calTaskfRate][2016-10-10 08:44:05,286]0.4166666666666667
[INFO][calTaskfRate][2016-10-10 08:44:35,351]0.4166666666666667
[INFO][calTaskfRate][2016-10-10 08:45:05,410]0.4166666666666667
[INFO][calTaskfRate][2016-10-10 08:45:35,468]0.4166666666666667
[INFO][calTaskfRate][2016-10-10 08:46:05,529]0.4166666666666667
[INFO][calTaskfRate][2016-10-10 08:46:35,588]0.4166666666666667
[INFO][calTaskfRate][2016-10-10 08:47:04,651]0.4166666666666667
[INFO][calTaskfRate][2016-10-10 08:47:34,714]0.4166666666666667
[INFO][calTaskfRate][2016-10-10 08:48:04,786]0.4166666666666667
[INFO][calTaskfRate][2016-10-10 08:48:34,857]0.4166666666666667
[INFO][calTaskfRate][2016-10-10 08:49:04,921]0.4166666666666667
[INFO][calTaskfRate][2016-10-10 08:49:34,978]0.4166666666666667
[INFO][calTaskfRate][2016-10-10 08:50:05,034]0.4166666666666667
[INFO][calTaskfRate][2016-10-10 08:50:35,093]0.4166666666666667
[INFO][calTaskfRate][2016-10-10 08:51:05,157]0.4166666666666667
[INFO][calTaskfRate][2016-10-10 08:51:35,218]0.4166666666666667
[INFO][calTaskfRate][2016-10-10 08:52:05,278]0.4166666666666667
[INFO][calTaskfRate][2016-10-10 08:52:35,345]0.4166666666666667
[INFO][calTaskfRate][2016-10-10 08:53:05,402]0.4166666666666667
[INFO][calTaskfRate][2016-10-10 08:53:35,460]0.4166666666666667
[INFO][calTaskfRate][2016-10-10 08:54:05,523]0.4166666666666667
[INFO][calTaskfRate][2016-10-10 08:54:35,586]0.4166666666666667
[INFO][calTaskfRate][2016-10-10 08:55:05,649]0.4166666666666667
[INFO][calTaskfRate][2016-10-10 08:55:35,713]0.4166666666666667
[INFO][calTaskfRate][2016-10-10 08:56:05,778]0.4166666666666667
[INFO][calTaskfRate][2016-10-10 08:56:35,840]0.4166666666666667
[INFO][calTaskfRate][2016-10-10 08:57:05,902]0.4166666666666667
[INFO][calTaskfRate][2016-10-10 08:57:35,959]0.4166666666666667
[INFO][calTaskfRate][2016-10-10 08:58:06,016]0.4166666666666667
[INFO][calTaskfRate][2016-10-10 08:58:36,073]0.4166666666666667
[INFO][calTaskfRate][2016-10-10 08:59:06,132]0.4166666666666667
[INFO][calTaskfRate][2016-10-10 08:59:36,187]0.4166666666666667
[INFO][calTaskfRate][2016-10-10 09:00:06,248]0.4166666666666667
[INFO][calTaskfRate][2016-10-10 09:00:35,314]0.4166666666666667
[INFO][calTaskfRate][2016-10-10 09:01:05,380]0.4166666666666667
[INFO][calTaskfRate][2016-10-10 09:01:35,446]0.4166666666666667
[INFO][calTaskfRate][2016-10-10 09:02:05,513]0.4166666666666667
[INFO][calTaskfRate][2016-10-10 09:02:35,573]0.4166666666666667
[INFO][calTaskfRate][2016-10-10 09:03:05,637]0.4166666666666667
[INFO][calTaskfRate][2016-10-10 09:03:35,697]0.4166666666666667
[INFO][calTaskfRate][2016-10-10 09:04:05,758]0.4166666666666667
[INFO][calTaskfRate][2016-10-10 09:04:35,822]0.4166666666666667
[INFO][calTaskfRate][2016-10-10 09:05:05,887]0.4166666666666667
[INFO][calTaskfRate][2016-10-10 09:05:35,947]0.4166666666666667
[INFO][calTaskfRate][2016-10-10 09:06:06,008]0.4166666666666667
[INFO][calTaskfRate][2016-10-10 09:06:36,065]0.4166666666666667
[INFO][calTaskfRate][2016-10-10 09:07:06,122]0.4166666666666667
[INFO][calTaskfRate][2016-10-10 09:07:36,187]0.4166666666666667
[INFO][calTaskfRate][2016-10-10 09:08:06,251]0.4166666666666667
[INFO][calTaskfRate][2016-10-10 09:08:36,313]0.4166666666666667
[INFO][calTaskfRate][2016-10-10 09:09:06,371]0.4166666666666667
[INFO][calTaskfRate][2016-10-10 09:09:36,429]0.4166666666666667
[INFO][calTaskfRate][2016-10-10 09:10:06,489]0.4166666666666667
[INFO][calTaskfRate][2016-10-10 09:10:36,548]0.4166666666666667
[INFO][calTaskfRate][2016-10-10 09:11:06,610]0.4166666666666667
[INFO][calTaskfRate][2016-10-10 09:11:36,666]0.4166666666666667
[INFO][calTaskfRate][2016-10-10 09:12:05,725]0.4166666666666667
[INFO][calTaskfRate][2016-10-10 09:12:35,784]0.4166666666666667
[INFO][calTaskfRate][2016-10-10 09:13:05,849]0.4166666666666667
[INFO][calTaskfRate][2016-10-10 09:13:35,915]0.4166666666666667
[INFO][calTaskfRate][2016-10-10 09:14:05,977]0.4166666666666667
[INFO][calTaskfRate][2016-10-10 09:14:36,034]0.4166666666666667
[INFO][calTaskfRate][2016-10-10 09:15:06,092]0.4166666666666667
[INFO][calTaskfRate][2016-10-10 09:15:36,153]0.4166666666666667
[INFO][calTaskfRate][2016-10-10 09:16:06,213]0.4166666666666667
[INFO][calTaskfRate][2016-10-10 09:16:36,274]0.4166666666666667
[INFO][calTaskfRate][2016-10-10 09:17:06,333]0.4166666666666667
[INFO][calTaskfRate][2016-10-10 09:17:36,394]0.4166666666666667
[INFO][calTaskfRate][2016-10-10 09:18:06,452]0.4166666666666667
[INFO][calTaskfRate][2016-10-10 09:18:36,515]0.4166666666666667
[INFO][calTaskfRate][2016-10-10 09:19:06,582]0.4166666666666667
[INFO][calTaskfRate][2016-10-10 09:19:36,649]0.4166666666666667
[INFO][calTaskfRate][2016-10-10 09:20:06,709]0.4166666666666667
[INFO][calTaskfRate][2016-10-10 09:20:36,767]0.4166666666666667
[INFO][calTaskfRate][2016-10-10 09:21:06,834]0.4166666666666667
[INFO][calTaskfRate][2016-10-10 09:21:36,897]0.4166666666666667
[INFO][calTaskfRate][2016-10-10 09:22:06,957]0.4166666666666667
[INFO][calTaskfRate][2016-10-10 09:22:37,014]0.4166666666666667
[INFO][calTaskfRate][2016-10-10 09:23:07,071]0.4166666666666667
[INFO][calTaskfRate][2016-10-10 09:23:37,128]0.4166666666666667
[INFO][calTaskfRate][2016-10-10 09:24:07,191]0.4166666666666667
[INFO][calTaskfRate][2016-10-10 09:24:37,251]0.4166666666666667
[INFO][calTaskfRate][2016-10-10 09:25:07,311]0.4166666666666667
[INFO][calTaskfRate][2016-10-10 09:25:37,370]0.4166666666666667
[INFO][calTaskfRate][2016-10-10 09:26:06,427]0.4166666666666667
[INFO][calTaskfRate][2016-10-10 09:26:36,491]0.4166666666666667
[INFO][calTaskfRate][2016-10-10 09:27:06,554]0.4166666666666667
[INFO][calTaskfRate][2016-10-10 09:27:36,615]0.4166666666666667
[INFO][calTaskfRate][2016-10-10 09:28:06,675]0.4166666666666667
[INFO][calTaskfRate][2016-10-10 09:28:36,738]0.4166666666666667
[INFO][calTaskfRate][2016-10-10 09:29:06,804]0.4166666666666667
[INFO][calTaskfRate][2016-10-10 09:29:36,875]0.4166666666666667
[INFO][calTaskfRate][2016-10-10 09:30:06,936]0.4166666666666667
[INFO][calTaskfRate][2016-10-10 09:30:36,994]0.4166666666666667
[INFO][calTaskfRate][2016-10-10 09:31:07,051]0.4166666666666667
[INFO][calTaskfRate][2016-10-10 09:31:37,112]0.4166666666666667
[INFO][calTaskfRate][2016-10-10 09:32:07,175]0.4166666666666667
[INFO][calTaskfRate][2016-10-10 09:32:37,237]0.4166666666666667
[INFO][calTaskfRate][2016-10-10 09:33:07,302]0.4166666666666667
[INFO][calTaskfRate][2016-10-10 09:34:21,920]0.4166666666666667
[INFO][calTaskfRate][2016-10-10 09:34:52,162]0.4166666666666667
[INFO][calTaskfRate][2016-10-10 09:35:22,223]0.4166666666666667
[INFO][calTaskfRate][2016-10-10 09:35:52,288]0.4166666666666667
[INFO][calTaskfRate][2016-10-10 09:36:22,580]0.4166666666666667
[INFO][calTaskfRate][2016-10-10 09:36:51,639]0.4166666666666667
[INFO][calTaskfRate][2016-10-10 09:37:21,700]0.4166666666666667
[INFO][calTaskfRate][2016-10-10 09:37:51,763]0.4166666666666667
[INFO][calTaskfRate][2016-10-10 09:38:21,827]0.4166666666666667
[INFO][calTaskfRate][2016-10-10 09:38:52,391]0.4166666666666667
[INFO][calTaskfRate][2016-10-10 09:39:22,454]0.4166666666666667
[INFO][calTaskfRate][2016-10-10 09:39:52,719]0.4166666666666667
[INFO][calTaskfRate][2016-10-10 09:40:22,784]0.4166666666666667
[INFO][calTaskfRate][2016-10-10 09:40:52,853]0.4166666666666667
[INFO][calTaskfRate][2016-10-10 09:41:21,915]0.4166666666666667
[INFO][calTaskfRate][2016-10-10 09:41:51,976]0.4166666666666667
[INFO][calTaskfRate][2016-10-10 09:42:22,411]0.4166666666666667
[INFO][calTaskfRate][2016-10-10 09:42:52,471]0.4166666666666667
[INFO][calTaskfRate][2016-10-10 09:43:22,525]0.4166666666666667
[INFO][calTaskfRate][2016-10-10 09:43:52,590]0.4166666666666667
[INFO][calTaskfRate][2016-10-10 09:44:22,658]0.4166666666666667
[INFO][calTaskfRate][2016-10-10 09:44:52,722]0.4166666666666667
[INFO][calTaskfRate][2016-10-10 09:45:22,782]0.4166666666666667
[INFO][calTaskfRate][2016-10-10 09:45:52,851]0.4166666666666667
[INFO][calTaskfRate][2016-10-10 09:46:22,911]0.4166666666666667
[INFO][calTaskfRate][2016-10-10 09:46:52,972]0.4166666666666667
[INFO][calTaskfRate][2016-10-10 09:47:23,033]0.4166666666666667
[INFO][calTaskfRate][2016-10-10 09:47:53,101]0.4166666666666667
[INFO][calTaskfRate][2016-10-10 09:48:22,156]0.4166666666666667
[INFO][calTaskfRate][2016-10-10 09:48:52,217]0.4166666666666667
[INFO][calTaskfRate][2016-10-10 09:49:22,277]0.4166666666666667
[INFO][calTaskfRate][2016-10-10 09:49:52,340]0.4166666666666667
[INFO][calTaskfRate][2016-10-10 09:50:22,400]0.4166666666666667
[INFO][calTaskfRate][2016-10-10 09:50:52,462]0.4166666666666667
[INFO][calTaskfRate][2016-10-10 09:51:22,520]0.4166666666666667
[INFO][calTaskfRate][2016-10-10 09:51:52,580]0.4166666666666667
[INFO][calTaskfRate][2016-10-10 09:52:22,645]0.4166666666666667
[INFO][calTaskfRate][2016-10-10 09:52:52,708]0.4166666666666667
[INFO][calTaskfRate][2016-10-10 09:53:22,771]0.4166666666666667
[INFO][calTaskfRate][2016-10-10 09:53:52,834]0.4166666666666667
[INFO][calTaskfRate][2016-10-10 09:54:22,901]0.4166666666666667
[INFO][calTaskfRate][2016-10-10 09:54:52,964]0.4166666666666667
[INFO][calTaskfRate][2016-10-10 09:55:23,020]0.4166666666666667
[INFO][calTaskfRate][2016-10-10 09:55:53,076]0.4166666666666667
[INFO][calTaskfRate][2016-10-10 09:56:23,137]0.4166666666666667
[INFO][calTaskfRate][2016-10-10 09:56:53,199]0.4166666666666667
[INFO][calTaskfRate][2016-10-10 09:57:23,260]0.4166666666666667
[INFO][calTaskfRate][2016-10-10 09:57:53,320]0.4166666666666667
[INFO][calTaskfRate][2016-10-10 09:58:23,378]0.4166666666666667
[INFO][calTaskfRate][2016-10-10 09:58:53,440]0.4166666666666667
[INFO][calTaskfRate][2016-10-10 09:59:23,503]0.4166666666666667
[INFO][calTaskfRate][2016-10-10 09:59:52,563]0.4166666666666667
[INFO][calTaskfRate][2016-10-10 10:00:22,623]0.4166666666666667
[INFO][calTaskfRate][2016-10-10 10:00:52,681]0.4166666666666667
[INFO][calTaskfRate][2016-10-10 10:01:22,747]0.4166666666666667
[INFO][calTaskfRate][2016-10-10 10:01:52,816]0.4166666666666667
[INFO][calTaskfRate][2016-10-10 10:02:22,880]0.4166666666666667
[INFO][calTaskfRate][2016-10-10 10:02:52,946]0.4166666666666667
[INFO][calTaskfRate][2016-10-10 10:03:23,013]0.4166666666666667
[INFO][calTaskfRate][2016-10-10 10:03:53,077]0.4166666666666667
[INFO][calTaskfRate][2016-10-10 10:04:23,172]0.4166666666666667
[INFO][calTaskfRate][2016-10-10 10:04:53,253]0.4166666666666667
[INFO][calTaskfRate][2016-10-10 10:05:23,321]0.4166666666666667
[INFO][calTaskfRate][2016-10-10 10:05:53,391]0.4166666666666667
[INFO][calTaskfRate][2016-10-10 10:06:23,459]0.4166666666666667
[INFO][calTaskfRate][2016-10-10 10:06:53,528]0.4166666666666667
[INFO][calTaskfRate][2016-10-10 10:07:23,603]0.4166666666666667
[INFO][calTaskfRate][2016-10-10 10:07:53,673]0.4166666666666667
[INFO][calTaskfRate][2016-10-10 10:08:23,737]0.4166666666666667
[INFO][calTaskfRate][2016-10-10 10:08:53,802]0.4166666666666667
[INFO][calTaskfRate][2016-10-10 10:09:23,868]0.4166666666666667
[INFO][calTaskfRate][2016-10-10 10:09:53,933]0.4166666666666667
[INFO][calTaskfRate][2016-10-10 10:10:24,011]0.4166666666666667
[INFO][calTaskfRate][2016-10-10 10:10:54,085]0.4166666666666667
[INFO][calTaskfRate][2016-10-10 10:11:24,151]0.4166666666666667
[INFO][calTaskfRate][2016-10-10 10:11:53,215]0.4166666666666667
[INFO][calTaskfRate][2016-10-10 10:12:23,275]0.4166666666666667
[INFO][calTaskfRate][2016-10-10 10:12:53,333]0.4166666666666667
[INFO][calTaskfRate][2016-10-10 10:13:23,396]0.4166666666666667
[INFO][calTaskfRate][2016-10-10 10:13:53,458]0.4166666666666667
[INFO][calTaskfRate][2016-10-10 10:14:23,520]0.4166666666666667
[INFO][calTaskfRate][2016-10-10 10:14:53,589]0.4166666666666667
[INFO][calTaskfRate][2016-10-10 10:15:23,653]0.4166666666666667
[INFO][calTaskfRate][2016-10-10 10:15:53,720]0.4166666666666667
[INFO][calTaskfRate][2016-10-10 10:16:23,787]0.4166666666666667
[INFO][calTaskfRate][2016-10-10 10:16:53,866]0.4166666666666667
[INFO][calTaskfRate][2016-10-10 10:17:23,930]0.4166666666666667
[INFO][calTaskfRate][2016-10-10 10:17:53,995]0.4166666666666667
[INFO][calTaskfRate][2016-10-10 10:18:24,063]0.4166666666666667
[INFO][calTaskfRate][2016-10-10 10:18:54,126]0.4166666666666667
[INFO][calTaskfRate][2016-10-10 10:19:24,191]0.4166666666666667
[INFO][calTaskfRate][2016-10-10 10:19:54,254]0.4166666666666667
[INFO][calTaskfRate][2016-10-10 10:20:24,322]0.4166666666666667
[INFO][calTaskfRate][2016-10-10 10:20:54,387]0.4166666666666667
[INFO][calTaskfRate][2016-10-10 10:21:24,453]0.4166666666666667
[INFO][calTaskfRate][2016-10-10 10:21:54,517]0.4166666666666667
[INFO][calTaskfRate][2016-10-10 10:22:24,589]0.4166666666666667
[INFO][calTaskfRate][2016-10-10 10:22:54,651]0.4166666666666667
[INFO][calTaskfRate][2016-10-10 10:23:23,719]0.4166666666666667
[INFO][calTaskfRate][2016-10-10 10:23:53,791]0.4166666666666667
[INFO][calTaskfRate][2016-10-10 10:24:23,860]0.4166666666666667
[INFO][calTaskfRate][2016-10-10 10:24:53,921]0.4166666666666667
[INFO][calTaskfRate][2016-10-10 10:25:24,001]0.4166666666666667
[INFO][calTaskfRate][2016-10-10 10:25:54,066]0.4166666666666667
[INFO][calTaskfRate][2016-10-10 10:26:24,137]0.4166666666666667
[INFO][calTaskfRate][2016-10-10 10:26:54,203]0.4166666666666667
[INFO][calTaskfRate][2016-10-10 10:27:24,284]0.4166666666666667
[INFO][calTaskfRate][2016-10-10 10:27:54,360]0.4166666666666667
[INFO][calTaskfRate][2016-10-10 10:28:24,424]0.4166666666666667
[INFO][calTaskfRate][2016-10-10 10:28:54,486]0.4166666666666667
[INFO][calTaskfRate][2016-10-10 10:29:24,553]0.4166666666666667
[INFO][calTaskfRate][2016-10-10 10:29:54,615]0.4166666666666667
[INFO][calTaskfRate][2016-10-10 10:30:24,693]0.4166666666666667
[INFO][calTaskfRate][2016-10-10 10:30:54,753]0.4166666666666667
[INFO][calTaskfRate][2016-10-10 10:31:24,822]0.4166666666666667
[INFO][calTaskfRate][2016-10-10 10:31:54,885]0.4166666666666667
[INFO][calTaskfRate][2016-10-10 10:32:24,948]0.4166666666666667
[INFO][calTaskfRate][2016-10-10 10:32:55,008]0.4166666666666667
[INFO][calTaskfRate][2016-10-10 10:33:25,068]0.4166666666666667
[INFO][calTaskfRate][2016-10-10 10:33:55,133]0.4166666666666667
[INFO][calTaskfRate][2016-10-10 10:34:25,198]0.4166666666666667
[INFO][calTaskfRate][2016-10-10 10:34:55,254]0.4166666666666667
[INFO][calTaskfRate][2016-10-10 10:35:24,312]0.4166666666666667
[INFO][calTaskfRate][2016-10-10 10:35:54,379]0.4166666666666667
[INFO][calTaskfRate][2016-10-10 10:36:24,446]0.4166666666666667
[INFO][calTaskfRate][2016-10-10 10:36:54,514]0.4166666666666667
[INFO][calTaskfRate][2016-10-10 10:37:24,582]0.4166666666666667
[INFO][calTaskfRate][2016-10-10 10:37:54,648]0.4166666666666667
[INFO][calTaskfRate][2016-10-10 10:38:24,713]0.4166666666666667
[INFO][calTaskfRate][2016-10-10 10:38:54,781]0.4166666666666667
[INFO][calTaskfRate][2016-10-10 10:39:24,844]0.4166666666666667
[INFO][calTaskfRate][2016-10-10 10:39:54,903]0.4166666666666667
[INFO][calTaskfRate][2016-10-10 10:40:24,964]0.4166666666666667
[INFO][calTaskfRate][2016-10-10 10:40:55,028]0.4166666666666667
[INFO][calTaskfRate][2016-10-10 10:41:25,091]0.4166666666666667
[INFO][calTaskfRate][2016-10-10 10:41:55,154]0.4166666666666667
[INFO][calTaskfRate][2016-10-10 10:42:25,220]0.4166666666666667
[INFO][calTaskfRate][2016-10-10 10:42:55,287]0.4166666666666667
[INFO][calTaskfRate][2016-10-10 10:43:25,350]0.4166666666666667
[INFO][calTaskfRate][2016-10-10 10:43:55,414]0.4166666666666667
[INFO][calTaskfRate][2016-10-10 10:44:25,472]0.4166666666666667
[INFO][calTaskfRate][2016-10-10 10:44:55,533]0.4166666666666667
[INFO][calTaskfRate][2016-10-10 10:45:25,597]0.4166666666666667
[INFO][calTaskfRate][2016-10-10 10:45:55,654]0.4166666666666667
[INFO][calTaskfRate][2016-10-10 10:46:25,711]0.4166666666666667
[INFO][calTaskfRate][2016-10-10 10:46:55,769]0.4166666666666667
[INFO][calTaskfRate][2016-10-10 10:47:25,826]0.4166666666666667
[INFO][calTaskfRate][2016-10-10 10:47:55,878]0.4166666666666667
[INFO][calTaskfRate][2016-10-10 10:48:25,933]0.4166666666666667
[INFO][calTaskfRate][2016-10-10 10:48:55,994]0.4166666666666667
[INFO][calTaskfRate][2016-10-10 10:49:26,056]0.4166666666666667
[INFO][calTaskfRate][2016-10-10 10:49:56,113]0.4166666666666667
[INFO][calTaskfRate][2016-10-10 10:50:26,174]0.4166666666666667
[INFO][calTaskfRate][2016-10-10 10:50:55,229]0.4166666666666667
[INFO][calTaskfRate][2016-10-10 10:51:25,289]0.4166666666666667
[INFO][calTaskfRate][2016-10-10 10:51:55,348]0.4166666666666667
[INFO][calTaskfRate][2016-10-10 10:52:25,408]0.4166666666666667
[INFO][calTaskfRate][2016-10-10 10:52:55,465]0.4166666666666667
[INFO][calTaskfRate][2016-10-10 10:53:25,524]0.4166666666666667
[INFO][calTaskfRate][2016-10-10 10:53:55,581]0.4166666666666667
[INFO][calTaskfRate][2016-10-10 10:54:25,639]0.4166666666666667
[INFO][calTaskfRate][2016-10-10 10:54:55,700]0.4166666666666667
[INFO][calTaskfRate][2016-10-10 10:55:25,756]0.4166666666666667
[INFO][calTaskfRate][2016-10-10 10:55:55,819]0.4166666666666667
[INFO][calTaskfRate][2016-10-10 10:56:25,873]0.4166666666666667
[INFO][calTaskfRate][2016-10-10 10:56:55,934]0.4166666666666667
[INFO][calTaskfRate][2016-10-10 10:57:25,985]0.4166666666666667
[INFO][calTaskfRate][2016-10-10 10:57:56,038]0.4166666666666667
[INFO][calTaskfRate][2016-10-10 10:58:26,095]0.4166666666666667
[INFO][calTaskfRate][2016-10-10 10:58:56,152]0.4166666666666667
[INFO][calTaskfRate][2016-10-10 10:59:26,217]0.4166666666666667
[INFO][calTaskfRate][2016-10-10 10:59:56,277]0.4166666666666667
[INFO][calTaskfRate][2016-10-10 11:00:26,342]0.4166666666666667
[INFO][calTaskfRate][2016-10-10 11:00:56,400]0.4166666666666667
[INFO][calTaskfRate][2016-10-10 11:01:26,457]0.4166666666666667
[INFO][calTaskfRate][2016-10-10 11:01:56,516]0.4166666666666667
[INFO][calTaskfRate][2016-10-10 11:02:26,579]0.4166666666666667
[INFO][calTaskfRate][2016-10-10 11:02:56,641]0.4166666666666667
[INFO][calTaskfRate][2016-10-10 11:03:26,698]0.4166666666666667
[INFO][calTaskfRate][2016-10-10 11:03:56,753]0.4166666666666667
[INFO][calTaskfRate][2016-10-10 11:04:26,816]0.4166666666666667
[INFO][calTaskfRate][2016-10-10 11:04:55,869]0.4166666666666667
[INFO][calTaskfRate][2016-10-10 11:05:25,927]0.4166666666666667
[INFO][calTaskfRate][2016-10-10 11:05:55,984]0.4166666666666667
[INFO][calTaskfRate][2016-10-10 11:06:26,039]0.4166666666666667
[INFO][calTaskfRate][2016-10-10 11:06:56,092]0.4166666666666667
[INFO][calTaskfRate][2016-10-10 11:07:26,153]0.4166666666666667
[INFO][calTaskfRate][2016-10-10 11:07:56,215]0.4166666666666667
[INFO][calTaskfRate][2016-10-10 11:08:26,279]0.4166666666666667
[INFO][calTaskfRate][2016-10-10 11:08:56,342]0.4166666666666667
[INFO][calTaskfRate][2016-10-10 11:09:26,398]0.4166666666666667
[INFO][calTaskfRate][2016-10-10 11:09:56,457]0.4166666666666667
[INFO][calTaskfRate][2016-10-10 11:10:26,515]0.4166666666666667
